# JRE version: Java(TM) SE Runtime Environment (8.0_40-b26) (build 1.8.0_40-b26)
# Java VM: Java HotSpot(TM) 64-Bit Server VM (25.40-b25 mixed mode linux-amd64 compressed oops)
Heap:
 PSYoungGen      total 831488K, used 15492K [0x0000000782f80000, 0x00000007b8680000, 0x00000007c0000000)
  eden space 796160K, 0% used [0x0000000782f80000,0x0000000782f80000,0x00000007b3900000)
  from space 35328K, 43% used [0x00000007b3900000,0x00000007b48211f0,0x00000007b5b80000)
  to   space 25600K, 0% used [0x00000007b5b80000,0x00000007b5b80000,0x00000007b7480000)
 ParOldGen       total 160768K, used 92157K [0x0000000708e00000, 0x0000000712b00000, 0x0000000782f80000)
  object space 160768K, 57% used [0x0000000708e00000,0x000000070e7ff638,0x0000000712b00000)
 Metaspace       used 75302K, capacity 76608K, committed 76800K, reserved 1116160K
  class space    used 9177K, capacity 9435K, committed 9472K, reserved 1048576K
GC Heap History (10 events):
Event: 13.875 GC heap after
Heap after GC invocations=13 (full 2):
 PSYoungGen      total 480256K, used 15342K [0x0000000782f80000, 0x00000007ab300000, 0x00000007c0000000)
  eden space 464896K, 0% used [0x0000000782f80000,0x0000000782f80000,0x000000079f580000)
  from space 15360K, 99% used [0x000000079f580000,0x00000007a047bb50,0x00000007a0480000)
  to   space 20992K, 0% used [0x00000007a9e80000,0x00000007a9e80000,0x00000007ab300000)
 ParOldGen       total 102912K, used 34195K [0x0000000708e00000, 0x000000070f280000, 0x0000000782f80000)
  object space 102912K, 33% used [0x0000000708e00000,0x000000070af64cd8,0x000000070f280000)
 Metaspace       used 52593K, capacity 53578K, committed 53632K, reserved 1095680K
  class space    used 6584K, capacity 6783K, committed 6784K, reserved 1048576K
}
Event: 15.986 GC heap before
{Heap before GC invocations=14 (full 2):
 PSYoungGen      total 480256K, used 228425K [0x0000000782f80000, 0x00000007ab300000, 0x00000007c0000000)
  eden space 464896K, 45% used [0x0000000782f80000,0x000000078ff96b48,0x000000079f580000)
  from space 15360K, 99% used [0x000000079f580000,0x00000007a047bb50,0x00000007a0480000)
  to   space 20992K, 0% used [0x00000007a9e80000,0x00000007a9e80000,0x00000007ab300000)
 ParOldGen       total 102912K, used 34195K [0x0000000708e00000, 0x000000070f280000, 0x0000000782f80000)
  object space 102912K, 33% used [0x0000000708e00000,0x000000070af64cd8,0x000000070f280000)
 Metaspace       used 57852K, capacity 58914K, committed 59028K, reserved 1101824K
  class space    used 7164K, capacity 7387K, committed 7424K, reserved 1048576K
Event: 16.037 GC heap after
Heap after GC invocations=14 (full 2):
 PSYoungGen      total 637440K, used 15277K [0x0000000782f80000, 0x00000007ab400000, 0x00000007c0000000)
  eden space 616448K, 0% used [0x0000000782f80000,0x0000000782f80000,0x00000007a8980000)
  from space 20992K, 72% used [0x00000007a9e80000,0x00000007aad6b6e8,0x00000007ab300000)
  to   space 21504K, 0% used [0x00000007a8980000,0x00000007a8980000,0x00000007a9e80000)
 ParOldGen       total 102912K, used 43665K [0x0000000708e00000, 0x000000070f280000, 0x0000000782f80000)
  object space 102912K, 42% used [0x0000000708e00000,0x000000070b8a47c8,0x000000070f280000)
 Metaspace       used 57852K, capacity 58914K, committed 59028K, reserved 1101824K
  class space    used 7164K, capacity 7387K, committed 7424K, reserved 1048576K
}
Event: 16.037 GC heap before
{Heap before GC invocations=15 (full 3):
 PSYoungGen      total 637440K, used 15277K [0x0000000782f80000, 0x00000007ab400000, 0x00000007c0000000)
  eden space 616448K, 0% used [0x0000000782f80000,0x0000000782f80000,0x00000007a8980000)
  from space 20992K, 72% used [0x00000007a9e80000,0x00000007aad6b6e8,0x00000007ab300000)
  to   space 21504K, 0% used [0x00000007a8980000,0x00000007a8980000,0x00000007a9e80000)
 ParOldGen       total 102912K, used 43665K [0x0000000708e00000, 0x000000070f280000, 0x0000000782f80000)
  object space 102912K, 42% used [0x0000000708e00000,0x000000070b8a47c8,0x000000070f280000)
 Metaspace       used 57852K, capacity 58914K, committed 59028K, reserved 1101824K
  class space    used 7164K, capacity 7387K, committed 7424K, reserved 1048576K
Event: 16.255 GC heap after
Heap after GC invocations=15 (full 3):
 PSYoungGen      total 637440K, used 0K [0x0000000782f80000, 0x00000007ab400000, 0x00000007c0000000)
  eden space 616448K, 0% used [0x0000000782f80000,0x0000000782f80000,0x00000007a8980000)
  from space 20992K, 0% used [0x00000007a9e80000,0x00000007a9e80000,0x00000007ab300000)
  to   space 21504K, 0% used [0x00000007a8980000,0x00000007a8980000,0x00000007a9e80000)
 ParOldGen       total 160768K, used 48355K [0x0000000708e00000, 0x0000000712b00000, 0x0000000782f80000)
  object space 160768K, 30% used [0x0000000708e00000,0x000000070bd38e08,0x0000000712b00000)
 Metaspace       used 57462K, capacity 58290K, committed 59028K, reserved 1101824K
  class space    used 7107K, capacity 7283K, committed 7424K, reserved 1048576K
}
Event: 20.743 GC heap before
{Heap before GC invocations=16 (full 3):
 PSYoungGen      total 637440K, used 616448K [0x0000000782f80000, 0x00000007ab400000, 0x00000007c0000000)
  eden space 616448K, 100% used [0x0000000782f80000,0x00000007a8980000,0x00000007a8980000)
  from space 20992K, 0% used [0x00000007a9e80000,0x00000007a9e80000,0x00000007ab300000)
  to   space 21504K, 0% used [0x00000007a8980000,0x00000007a8980000,0x00000007a9e80000)
 ParOldGen       total 160768K, used 48355K [0x0000000708e00000, 0x0000000712b00000, 0x0000000782f80000)
  object space 160768K, 30% used [0x0000000708e00000,0x000000070bd38e08,0x0000000712b00000)
 Metaspace       used 67443K, capacity 68464K, committed 68992K, reserved 1110016K
  class space    used 8231K, capacity 8453K, committed 8576K, reserved 1048576K
Event: 20.829 GC heap after
Heap after GC invocations=16 (full 3):
 PSYoungGen      total 637952K, used 21473K [0x0000000782f80000, 0x00000007b7480000, 0x00000007c0000000)
  eden space 616448K, 0% used [0x0000000782f80000,0x0000000782f80000,0x00000007a8980000)
  from space 21504K, 99% used [0x00000007a8980000,0x00000007a9e78648,0x00000007a9e80000)
  to   space 25600K, 0% used [0x00000007b5b80000,0x00000007b5b80000,0x00000007b7480000)
 ParOldGen       total 160768K, used 52083K [0x0000000708e00000, 0x0000000712b00000, 0x0000000782f80000)
  object space 160768K, 32% used [0x0000000708e00000,0x000000070c0dcc40,0x0000000712b00000)
 Metaspace       used 67443K, capacity 68464K, committed 68992K, reserved 1110016K
  class space    used 8231K, capacity 8453K, committed 8576K, reserved 1048576K
}
Event: 24.668 GC heap before
{Heap before GC invocations=17 (full 3):
 PSYoungGen      total 637952K, used 637921K [0x0000000782f80000, 0x00000007b7480000, 0x00000007c0000000)
  eden space 616448K, 100% used [0x0000000782f80000,0x00000007a8980000,0x00000007a8980000)
  from space 21504K, 99% used [0x00000007a8980000,0x00000007a9e78648,0x00000007a9e80000)
  to   space 25600K, 0% used [0x00000007b5b80000,0x00000007b5b80000,0x00000007b7480000)
 ParOldGen       total 160768K, used 52083K [0x0000000708e00000, 0x0000000712b00000, 0x0000000782f80000)
  object space 160768K, 32% used [0x0000000708e00000,0x000000070c0dcc40,0x0000000712b00000)
 Metaspace       used 74416K, capacity 75570K, committed 75776K, reserved 1116160K
  class space    used 9133K, capacity 9340K, committed 9472K, reserved 1048576K
Event: 24.750 GC heap after
Heap after GC invocations=17 (full 3):
 PSYoungGen      total 821760K, used 25582K [0x0000000782f80000, 0x00000007b8680000, 0x00000007c0000000)
  eden space 796160K, 0% used [0x0000000782f80000,0x0000000782f80000,0x00000007b3900000)
  from space 25600K, 99% used [0x00000007b5b80000,0x00000007b747b910,0x00000007b7480000)
  to   space 35328K, 0% used [0x00000007b3900000,0x00000007b3900000,0x00000007b5b80000)
 ParOldGen       total 160768K, used 69667K [0x0000000708e00000, 0x0000000712b00000, 0x0000000782f80000)
  object space 160768K, 43% used [0x0000000708e00000,0x000000070d208f68,0x0000000712b00000)
 Metaspace       used 74416K, capacity 75570K, committed 75776K, reserved 1116160K
  class space    used 9133K, capacity 9340K, committed 9472K, reserved 1048576K
}
Event: 28.676 GC heap before
{Heap before GC invocations=18 (full 3):
 PSYoungGen      total 821760K, used 821742K [0x0000000782f80000, 0x00000007b8680000, 0x00000007c0000000)
  eden space 796160K, 100% used [0x0000000782f80000,0x00000007b3900000,0x00000007b3900000)
  from space 25600K, 99% used [0x00000007b5b80000,0x00000007b747b910,0x00000007b7480000)
  to   space 35328K, 0% used [0x00000007b3900000,0x00000007b3900000,0x00000007b5b80000)
 ParOldGen       total 160768K, used 69667K [0x0000000708e00000, 0x0000000712b00000, 0x0000000782f80000)
  object space 160768K, 43% used [0x0000000708e00000,0x000000070d208f68,0x0000000712b00000)
 Metaspace       used 75302K, capacity 76608K, committed 76800K, reserved 1116160K
  class space    used 9177K, capacity 9435K, committed 9472K, reserved 1048576K

