# JRE version: Java(TM) SE Runtime Environment (8.0_25-b17) (build 1.8.0_25-b17)
# Java VM: Java HotSpot(TM) 64-Bit Server VM (25.25-b02 mixed mode linux-amd64 compressed oops)
Heap:
 PSYoungGen      total 729088K, used 11476K [0x0000000782f80000, 0x00000007b2c80000, 0x00000007c0000000)
  eden space 699392K, 0% used [0x0000000782f80000,0x0000000782f80000,0x00000007ada80000)
  from space 29696K, 38% used [0x00000007af280000,0x00000007afdb51e0,0x00000007b0f80000)
  to   space 25600K, 0% used [0x00000007b1380000,0x00000007b1380000,0x00000007b2c80000)
 ParOldGen       total 175104K, used 68161K [0x0000000708e00000, 0x0000000713900000, 0x0000000782f80000)
  object space 175104K, 38% used [0x0000000708e00000,0x000000070d090770,0x0000000713900000)
 Metaspace       used 58108K, capacity 58766K, committed 58968K, reserved 1101824K
  class space    used 7380K, capacity 7531K, committed 7552K, reserved 1048576K
GC Heap History (10 events):
Event: 11.333 GC heap after
Heap after GC invocations=10 (full 1):
 PSYoungGen      total 387072K, used 10211K [0x0000000782f80000, 0x00000007a6000000, 0x00000007c0000000)
  eden space 376832K, 0% used [0x0000000782f80000,0x0000000782f80000,0x0000000799f80000)
  from space 10240K, 99% used [0x0000000799f80000,0x000000079a978de8,0x000000079a980000)
  to   space 23552K, 0% used [0x00000007a4900000,0x00000007a4900000,0x00000007a6000000)
 ParOldGen       total 80896K, used 40455K [0x0000000708e00000, 0x000000070dd00000, 0x0000000782f80000)
  object space 80896K, 50% used [0x0000000708e00000,0x000000070b581c48,0x000000070dd00000)
 Metaspace       used 27834K, capacity 28068K, committed 28416K, reserved 1075200K
  class space    used 3491K, capacity 3536K, committed 3584K, reserved 1048576K
}
Event: 14.652 GC heap before
{Heap before GC invocations=11 (full 1):
 PSYoungGen      total 387072K, used 387043K [0x0000000782f80000, 0x00000007a6000000, 0x00000007c0000000)
  eden space 376832K, 100% used [0x0000000782f80000,0x0000000799f80000,0x0000000799f80000)
  from space 10240K, 99% used [0x0000000799f80000,0x000000079a978de8,0x000000079a980000)
  to   space 23552K, 0% used [0x00000007a4900000,0x00000007a4900000,0x00000007a6000000)
 ParOldGen       total 80896K, used 40455K [0x0000000708e00000, 0x000000070dd00000, 0x0000000782f80000)
  object space 80896K, 50% used [0x0000000708e00000,0x000000070b581c48,0x000000070dd00000)
 Metaspace       used 32458K, capacity 32748K, committed 33152K, reserved 1079296K
  class space    used 4072K, capacity 4124K, committed 4224K, reserved 1048576K
Event: 14.749 GC heap after
Heap after GC invocations=11 (full 1):
 PSYoungGen      total 547840K, used 20906K [0x0000000782f80000, 0x00000007a6480000, 0x00000007c0000000)
  eden space 524288K, 0% used [0x0000000782f80000,0x0000000782f80000,0x00000007a2f80000)
  from space 23552K, 88% used [0x00000007a4900000,0x00000007a5d6ab08,0x00000007a6000000)
  to   space 26112K, 0% used [0x00000007a2f80000,0x00000007a2f80000,0x00000007a4900000)
 ParOldGen       total 80896K, used 40463K [0x0000000708e00000, 0x000000070dd00000, 0x0000000782f80000)
  object space 80896K, 50% used [0x0000000708e00000,0x000000070b583c48,0x000000070dd00000)
 Metaspace       used 32458K, capacity 32748K, committed 33152K, reserved 1079296K
  class space    used 4072K, capacity 4124K, committed 4224K, reserved 1048576K
}
Event: 17.681 GC heap before
{Heap before GC invocations=12 (full 1):
 PSYoungGen      total 547840K, used 270553K [0x0000000782f80000, 0x00000007a6480000, 0x00000007c0000000)
  eden space 524288K, 47% used [0x0000000782f80000,0x000000079234bb20,0x00000007a2f80000)
  from space 23552K, 88% used [0x00000007a4900000,0x00000007a5d6ab08,0x00000007a6000000)
  to   space 26112K, 0% used [0x00000007a2f80000,0x00000007a2f80000,0x00000007a4900000)
 ParOldGen       total 80896K, used 40463K [0x0000000708e00000, 0x000000070dd00000, 0x0000000782f80000)
  object space 80896K, 50% used [0x0000000708e00000,0x000000070b583c48,0x000000070dd00000)
 Metaspace       used 34758K, capacity 35084K, committed 35416K, reserved 1081344K
  class space    used 4387K, capacity 4460K, committed 4480K, reserved 1048576K
Event: 17.772 GC heap after
Heap after GC invocations=12 (full 1):
 PSYoungGen      total 550400K, used 4800K [0x0000000782f80000, 0x00000007b2c80000, 0x00000007c0000000)
  eden space 524288K, 0% used [0x0000000782f80000,0x0000000782f80000,0x00000007a2f80000)
  from space 26112K, 18% used [0x00000007a2f80000,0x00000007a3430380,0x00000007a4900000)
  to   space 25600K, 0% used [0x00000007b1380000,0x00000007b1380000,0x00000007b2c80000)
 ParOldGen       total 80896K, used 57768K [0x0000000708e00000, 0x000000070dd00000, 0x0000000782f80000)
  object space 80896K, 71% used [0x0000000708e00000,0x000000070c66a2b8,0x000000070dd00000)
 Metaspace       used 34758K, capacity 35084K, committed 35416K, reserved 1081344K
  class space    used 4387K, capacity 4460K, committed 4480K, reserved 1048576K
}
Event: 17.779 GC heap before
{Heap before GC invocations=13 (full 2):
 PSYoungGen      total 550400K, used 4800K [0x0000000782f80000, 0x00000007b2c80000, 0x00000007c0000000)
  eden space 524288K, 0% used [0x0000000782f80000,0x0000000782f80000,0x00000007a2f80000)
  from space 26112K, 18% used [0x00000007a2f80000,0x00000007a3430380,0x00000007a4900000)
  to   space 25600K, 0% used [0x00000007b1380000,0x00000007b1380000,0x00000007b2c80000)
 ParOldGen       total 80896K, used 57768K [0x0000000708e00000, 0x000000070dd00000, 0x0000000782f80000)
  object space 80896K, 71% used [0x0000000708e00000,0x000000070c66a2b8,0x000000070dd00000)
 Metaspace       used 34758K, capacity 35084K, committed 35416K, reserved 1081344K
  class space    used 4387K, capacity 4460K, committed 4480K, reserved 1048576K
Event: 18.360 GC heap after
Heap after GC invocations=13 (full 2):
 PSYoungGen      total 550400K, used 0K [0x0000000782f80000, 0x00000007b2c80000, 0x00000007c0000000)
  eden space 524288K, 0% used [0x0000000782f80000,0x0000000782f80000,0x00000007a2f80000)
  from space 26112K, 0% used [0x00000007a2f80000,0x00000007a2f80000,0x00000007a4900000)
  to   space 25600K, 0% used [0x00000007b1380000,0x00000007b1380000,0x00000007b2c80000)
 ParOldGen       total 175104K, used 54079K [0x0000000708e00000, 0x0000000713900000, 0x0000000782f80000)
  object space 175104K, 30% used [0x0000000708e00000,0x000000070c2cfdb0,0x0000000713900000)
 Metaspace       used 34758K, capacity 35084K, committed 35416K, reserved 1081344K
  class space    used 4387K, capacity 4460K, committed 4480K, reserved 1048576K
}
Event: 34.560 GC heap before
{Heap before GC invocations=14 (full 2):
 PSYoungGen      total 550400K, used 524288K [0x0000000782f80000, 0x00000007b2c80000, 0x00000007c0000000)
  eden space 524288K, 100% used [0x0000000782f80000,0x00000007a2f80000,0x00000007a2f80000)
  from space 26112K, 0% used [0x00000007a2f80000,0x00000007a2f80000,0x00000007a4900000)
  to   space 25600K, 0% used [0x00000007b1380000,0x00000007b1380000,0x00000007b2c80000)
 ParOldGen       total 175104K, used 54079K [0x0000000708e00000, 0x0000000713900000, 0x0000000782f80000)
  object space 175104K, 30% used [0x0000000708e00000,0x000000070c2cfdb0,0x0000000713900000)
 Metaspace       used 52709K, capacity 53346K, committed 53464K, reserved 1095680K
  class space    used 6697K, capacity 6843K, committed 6912K, reserved 1048576K
Event: 37.852 GC heap after
Heap after GC invocations=14 (full 2):
 PSYoungGen      total 724992K, used 25594K [0x0000000782f80000, 0x00000007b2c80000, 0x00000007c0000000)
  eden space 699392K, 0% used [0x0000000782f80000,0x0000000782f80000,0x00000007ada80000)
  from space 25600K, 99% used [0x00000007b1380000,0x00000007b2c7e878,0x00000007b2c80000)
  to   space 29696K, 0% used [0x00000007af280000,0x00000007af280000,0x00000007b0f80000)
 ParOldGen       total 175104K, used 54242K [0x0000000708e00000, 0x0000000713900000, 0x0000000782f80000)
  object space 175104K, 30% used [0x0000000708e00000,0x000000070c2f8920,0x0000000713900000)
 Metaspace       used 52709K, capacity 53346K, committed 53464K, reserved 1095680K
  class space    used 6697K, capacity 6843K, committed 6912K, reserved 1048576K
}
Event: 49.759 GC heap before
{Heap before GC invocations=15 (full 2):
 PSYoungGen      total 724992K, used 275851K [0x0000000782f80000, 0x00000007b2c80000, 0x00000007c0000000)
  eden space 699392K, 35% used [0x0000000782f80000,0x00000007923e44a8,0x00000007ada80000)
  from space 25600K, 99% used [0x00000007b1380000,0x00000007b2c7e878,0x00000007b2c80000)
  to   space 29696K, 0% used [0x00000007af280000,0x00000007af280000,0x00000007b0f80000)
 ParOldGen       total 175104K, used 54242K [0x0000000708e00000, 0x0000000713900000, 0x0000000782f80000)
  object space 175104K, 30% used [0x0000000708e00000,0x000000070c2f8920,0x0000000713900000)
 Metaspace       used 58108K, capacity 58766K, committed 58968K, reserved 1101824K
  class space    used 7380K, capacity 7531K, committed 7552K, reserved 1048576K

